#
# A fatal error has been detected by the Java Runtime Environment:
#
#  EXCEPTION_UNCAUGHT_CXX_EXCEPTION (0xe06d7363) at pc=0x00007ff86a879e08, pid=16276, tid=0x0000000000003c18
#
# JRE version: Java(TM) SE Runtime Environment (8.0_92-b14) (build 1.8.0_92-b14)
# Java VM: Java HotSpot(TM) 64-Bit Server VM (25.92-b14 mixed mode windows-amd64 compressed oops)
# Problematic frame:
# C  [KERNELBASE.dll+0x69e08]
#
# Failed to write core dump. Minidumps are not enabled by default on client versions of Windows
#
# If you would like to submit a bug report, please visit:
#   http://bugreport.java.com/bugreport/crash.jsp
#

---------------  T H R E A D  ---------------

Current thread (0x0000000017ff8000):  VMThread [stack: 0x0000000019080000,0x0000000019180000] [id=15384]

siginfo: ExceptionCode=0xe06d7363, ExceptionInformation=0x0000000019930520 0x000000001917f1e0 0x00007ff848cac830 0x00007ff8484f0000 

Registers:
RAX=0x00007ff86e302412, RBX=0x000000001917f1e0, RCX=0x0000000000000000, RDX=0x0000000000000000
RSP=0x000000001917f070, RBP=0x0000000017f05500, RSI=0x000000001c97c7a0, RDI=0x00007ff848cac830
R8 =0x000000001917eb70, R9 =0x0000000000000000, R10=0x0000000000000000, R11=0x00006f88c4f6b316
R12=0x0000000000000001, R13=0x000000001c97dfc0, R14=0x000000001c97c7a0, R15=0x0000000000000000
RIP=0x00007ff86a879e08, EFLAGS=0x0000000000000206

Top of Stack: (sp=0x000000001917f070)
0x000000001917f070:   000000001917f260 000000001917f1e0
0x000000001917f080:   000000001c97c7a0 00007ff848cac830
0x000000001917f090:   00000001e06d7363 0000000000000000
0x000000001917f0a0:   00007ff86a879e08 0000000000000004
0x000000001917f0b0:   0000000019930520 000000001917f1e0
0x000000001917f0c0:   00007ff848cac830 00007ff8484f0000
0x000000001917f0d0:   000000001c97c7a0 0000000000000001
0x000000001917f0e0:   00007ff848cac830 000000001c97c7a0
0x000000001917f0f0:   0000000017f05500 00007ff86e30ba23
0x000000001917f100:   000000001917f1c0 0000000000000000
0x000000001917f110:   00006f88c4f6a8f6 00007ff8487d460e
0x000000001917f120:   00007ff848d0c000 00007ff8484f0000
0x000000001917f130:   0000f1b3364b80a1 0000000000000001
0x000000001917f140:   000000001917f1e0 00007ff8487d95f2
0x000000001917f150:   0000000000000128 00007ff8487d1895
0x000000001917f160:   0000000000000128 0000000000000001 

Instructions: (pc=0x00007ff86a879e08)
0x00007ff86a879de8:   49 8b d1 44 0f 47 c0 44 89 44 24 38 49 c1 e0 03
0x00007ff86a879df8:   e8 1b db 01 00 48 8d 4c 24 20 ff 15 d0 c7 0f 00
0x00007ff86a879e08:   48 8b 8c 24 c0 00 00 00 48 33 cc e8 78 b0 01 00
0x00007ff86a879e18:   48 81 c4 d8 00 00 00 c3 83 64 24 38 00 eb d6 cc 


Register to memory mapping:

RAX=0x00007ff86e302412 is an unknown value
RBX=0x000000001917f1e0 is an unknown value
RCX=0x0000000000000000 is an unknown value
RDX=0x0000000000000000 is an unknown value
RSP=0x000000001917f070 is an unknown value
RBP=0x0000000017f05500 is an unknown value
RSI=0x000000001c97c7a0 is an unknown value
RDI=0x00007ff848cac830 is an unknown value
R8 =0x000000001917eb70 is an unknown value
R9 =0x0000000000000000 is an unknown value
R10=0x0000000000000000 is an unknown value
R11=0x00006f88c4f6b316 is an unknown value
R12=0x0000000000000001 is an unknown value
R13=0x000000001c97dfc0 is an unknown value
R14=0x000000001c97c7a0 is an unknown value
R15=0x0000000000000000 is an unknown value


Stack: [0x0000000019080000,0x0000000019180000],  sp=0x000000001917f070,  free space=1020k
Native frames: (J=compiled Java code, j=interpreted, Vv=VM code, C=native code)
C  [KERNELBASE.dll+0x69e08]
C  [SogouPy.ime+0x2e95f2]
C  [SogouPy.ime+0x2dc648]
C  [SogouPy.ime+0x96e46]
C  [SogouPy.ime+0x9692c]
C  [SogouPy.ime+0x967ee]
C  [SogouPy.ime+0x96700]
C  [SogouPy.ime+0x5dfaf1]
C  [SogouPy.ime+0x2dfb0a]
C  [SogouPy.ime+0x2dfd54]
C  [SogouPy.ime+0x2dfeae]
C  [ntdll.dll+0x2486f]
C  [ntdll.dll+0x4d44c]
C  [ntdll.dll+0x4d304]
C  [KERNEL32.DLL+0x1c0da]
C  [msvcr100.dll+0x20ccd]
V  [jvm.dll+0x211b45]
V  [jvm.dll+0x24a8e7]
V  [jvm.dll+0x249b86]
V  [jvm.dll+0x24a021]
V  [jvm.dll+0x24a23e]
V  [jvm.dll+0x29b34a]
C  [msvcr100.dll+0x21d9f]
C  [msvcr100.dll+0x21e3b]
C  [KERNEL32.DLL+0x12774]
C  [ntdll.dll+0x70d61]

VM_Operation (0x000000001b86d280): Exit, mode: safepoint, requested by thread 0x000000001a366800


---------------  P R O C E S S  ---------------

Java Threads: ( => current thread )
  0x00000000033f0800 JavaThread "DestroyJavaVM" [_thread_blocked, id=8388, stack(0x00000000032f0000,0x00000000033f0000)]
  0x000000001a366800 JavaThread "AWT-EventQueue-0" [_thread_blocked, id=9260, stack(0x000000001b770000,0x000000001b870000)]
  0x0000000019aae000 JavaThread "AWT-Shutdown" [_thread_blocked, id=9172, stack(0x000000001acb0000,0x000000001adb0000)]
  0x0000000019aac800 JavaThread "Java2D Disposer" daemon [_thread_blocked, id=16880, stack(0x000000001abb0000,0x000000001acb0000)]
  0x0000000019762000 JavaThread "Service Thread" daemon [_thread_blocked, id=10856, stack(0x0000000019ce0000,0x0000000019de0000)]
  0x00000000196e5800 JavaThread "C1 CompilerThread2" daemon [_thread_blocked, id=7332, stack(0x0000000019be0000,0x0000000019ce0000)]
  0x000000001808d800 JavaThread "C2 CompilerThread1" daemon [_thread_blocked, id=16748, stack(0x0000000019ae0000,0x0000000019be0000)]
  0x000000001808b000 JavaThread "C2 CompilerThread0" daemon [_thread_blocked, id=16756, stack(0x00000000195e0000,0x00000000196e0000)]
  0x000000001803d000 JavaThread "Attach Listener" daemon [_thread_blocked, id=10248, stack(0x00000000194e0000,0x00000000195e0000)]
  0x0000000018089800 JavaThread "Signal Dispatcher" daemon [_thread_blocked, id=11384, stack(0x00000000193e0000,0x00000000194e0000)]
  0x00000000034ea800 JavaThread "Finalizer" daemon [_thread_blocked, id=15408, stack(0x0000000019280000,0x0000000019380000)]
  0x00000000034df000 JavaThread "Reference Handler" daemon [_thread_blocked, id=12588, stack(0x0000000019180000,0x0000000019280000)]

Other Threads:
=>0x0000000017ff8000 VMThread [stack: 0x0000000019080000,0x0000000019180000] [id=15384]

VM state:at safepoint (shutting down)

VM Mutex/Monitor currently owned by a thread:  ([mutex/lock_event])
[0x000000000178c330] Threads_lock - owner thread: 0x0000000017ff8000

Heap:
 PSYoungGen      total 38400K, used 8450K [0x00000000d5e00000, 0x00000000d8880000, 0x0000000100000000)
  eden space 33280K, 25% used [0x00000000d5e00000,0x00000000d66408e8,0x00000000d7e80000)
  from space 5120K, 0% used [0x00000000d8380000,0x00000000d8380000,0x00000000d8880000)
  to   space 5120K, 0% used [0x00000000d7e80000,0x00000000d7e80000,0x00000000d8380000)
 ParOldGen       total 87552K, used 0K [0x0000000081a00000, 0x0000000086f80000, 0x00000000d5e00000)
  object space 87552K, 0% used [0x0000000081a00000,0x0000000081a00000,0x0000000086f80000)
 Metaspace       used 9537K, capacity 9706K, committed 9984K, reserved 1058816K
  class space    used 1172K, capacity 1253K, committed 1280K, reserved 1048576K

Card table byte_map: [0x00000000128b0000,0x0000000012cb0000] byte_map_base: 0x00000000124a3000

Marking Bits: (ParMarkBitMap*) 0x000000005d8264f0
 Begin Bits: [0x0000000013360000, 0x00000000152f8000)
 End Bits:   [0x00000000152f8000, 0x0000000017290000)

Polling page: 0x0000000001740000

CodeCache: size=245760Kb used=1826Kb max_used=1826Kb free=243933Kb
 bounds [0x00000000034f0000, 0x0000000003760000, 0x00000000124f0000]
 total_blobs=814 nmethods=370 adapters=357
 compilation: enabled

Compilation events (10 events):
Event: 0.963 Thread 0x00000000196e5800  365       3       java.util.ArrayList$Itr::<init> (26 bytes)
Event: 0.963 Thread 0x00000000196e5800 nmethod 365 0x00000000036b7390 code [0x00000000036b7500, 0x00000000036b76d0]
Event: 0.993 Thread 0x00000000196e5800  366       3       java.awt.Component::getCursor_NoClientCode (30 bytes)
Event: 0.994 Thread 0x00000000196e5800 nmethod 366 0x00000000036b7790 code [0x00000000036b7920, 0x00000000036b7d88]
Event: 1.042 Thread 0x00000000196e5800  367       1       java.security.AccessControlContext::getCombiner (5 bytes)
Event: 1.042 Thread 0x00000000196e5800 nmethod 367 0x00000000036b7f10 code [0x00000000036b8060, 0x00000000036b8170]
Event: 1.042 Thread 0x00000000196e5800  368       1       java.security.AccessControlContext::getContext (5 bytes)
Event: 1.042 Thread 0x00000000196e5800 nmethod 368 0x00000000036b81d0 code [0x00000000036b8320, 0x00000000036b8430]
Event: 1.057 Thread 0x00000000196e5800  369       3       java.security.AccessController::getContext (23 bytes)
Event: 1.058 Thread 0x00000000196e5800 nmethod 369 0x00000000036b8810 code [0x00000000036b89a0, 0x00000000036b8d18]

GC Heap History (0 events):
No events

Deoptimization events (0 events):
No events

Internal exceptions (10 events):
Event: 0.028 Thread 0x00000000033f0800 Exception <a 'java/lang/NoSuchMethodError': Method sun.misc.Unsafe.defineClass(Ljava/lang/String;[BII)Ljava/lang/Class; name or signature does not match> (0x00000000d5e07cc0) thrown at [D:\re\workspace\8-2-build-windows-amd64-cygwin\jdk8u92\6642\hotspot\sr•~aQýœ?
Event: 0.028 Thread 0x00000000033f0800 Exception <a 'java/lang/NoSuchMethodError': Method sun.misc.Unsafe.prefetchRead(Ljava/lang/Object;J)V name or signature does not match> (0x00000000d5e07fa8) thrown at [D:\re\workspace\8-2-build-windows-amd64-cygwin\jdk8u92\6642\hotspot\src\share\vm\prims\jG¯R³@½?
Event: 0.114 Thread 0x00000000033f0800 Exception <a 'java/security/PrivilegedActionException'> (0x00000000d5f74410) thrown at [D:\re\workspace\8-2-build-windows-amd64-cygwin\jdk8u92\6642\hotspot\src\share\vm\prims\jvm.cpp, line 1386]
Event: 0.114 Thread 0x00000000033f0800 Exception <a 'java/security/PrivilegedActionException'> (0x00000000d5f74620) thrown at [D:\re\workspace\8-2-build-windows-amd64-cygwin\jdk8u92\6642\hotspot\src\share\vm\prims\jvm.cpp, line 1386]
Event: 0.115 Thread 0x00000000033f0800 Exception <a 'java/security/PrivilegedActionException'> (0x00000000d5f78468) thrown at [D:\re\workspace\8-2-build-windows-amd64-cygwin\jdk8u92\6642\hotspot\src\share\vm\prims\jvm.cpp, line 1386]
Event: 0.115 Thread 0x00000000033f0800 Exception <a 'java/security/PrivilegedActionException'> (0x00000000d5f78678) thrown at [D:\re\workspace\8-2-build-windows-amd64-cygwin\jdk8u92\6642\hotspot\src\share\vm\prims\jvm.cpp, line 1386]
Event: 0.124 Thread 0x00000000033f0800 Exception <a 'java/io/FileNotFoundException'> (0x00000000d5f8cbe0) thrown at [D:\re\workspace\8-2-build-windows-amd64-cygwin\jdk8u92\6642\hotspot\src\share\vm\prims\jni.cpp, line 709]
Event: 0.161 Thread 0x00000000033f0800 Exception <a 'java/lang/NoSuchFieldError': method resolution failed> (0x00000000d605ac28) thrown at [D:\re\workspace\8-2-build-windows-amd64-cygwin\jdk8u92\6642\hotspot\src\share\vm\prims\methodHandles.cpp, line 1146]
Event: 0.163 Thread 0x00000000033f0800 Exception <a 'java/lang/NoSuchFieldError': method resolution failed> (0x00000000d6067ff8) thrown at [D:\re\workspace\8-2-build-windows-amd64-cygwin\jdk8u92\6642\hotspot\src\share\vm\prims\methodHandles.cpp, line 1146]
Event: 0.205 Thread 0x00000000033f0800 Exception <a 'java/io/FileNotFoundException'> (0x00000000d60fc4f8) thrown at [D:\re\workspace\8-2-build-windows-amd64-cygwin\jdk8u92\6642\hotspot\src\share\vm\prims\jni.cpp, line 709]

Events (10 events):
Event: 0.792 loading class java/awt/AWTEvent$2
Event: 0.793 loading class java/awt/AWTEvent$2 done
Event: 0.793 loading class sun/reflect/UnsafeBooleanFieldAccessorImpl
Event: 0.793 loading class sun/reflect/UnsafeBooleanFieldAccessorImpl done
Event: 1.445 Thread 0x000000001a37f000 Thread added: 0x000000001a37f000
Event: 1.446 Thread 0x000000001a380000 Thread added: 0x000000001a380000
Event: 1.446 Thread 0x000000001a37f000 Thread exited: 0x000000001a37f000
Event: 1.456 Thread 0x0000000019ab1000 Thread exited: 0x0000000019ab1000
Event: 1.546 Thread 0x000000001a380000 Thread exited: 0x000000001a380000
Event: 1.546 Executing VM operation: Exit


Dynamic libraries:
0x00007ff679f30000 - 0x00007ff679f67000 	C:\Program Files\Java\jdk1.8.0_92\bin\javaw.exe
0x00007ff86e2f0000 - 0x00007ff86e4cb000 	C:\WINDOWS\SYSTEM32\ntdll.dll
0x00007ff86ca40000 - 0x00007ff86caee000 	C:\WINDOWS\System32\KERNEL32.DLL
0x00007ff86a810000 - 0x00007ff86aa59000 	C:\WINDOWS\System32\KERNELBASE.dll
0x00007ff86c810000 - 0x00007ff86c8b1000 	C:\WINDOWS\System32\ADVAPI32.dll
0x00007ff86caf0000 - 0x00007ff86cb8d000 	C:\WINDOWS\System32\msvcrt.dll
0x00007ff86e280000 - 0x00007ff86e2d9000 	C:\WINDOWS\System32\sechost.dll
0x00007ff86c4a0000 - 0x00007ff86c5c5000 	C:\WINDOWS\System32\RPCRT4.dll
0x00007ff86c8c0000 - 0x00007ff86ca0a000 	C:\WINDOWS\System32\USER32.dll
0x00007ff86aa60000 - 0x00007ff86aa7e000 	C:\WINDOWS\System32\win32u.dll
0x00007ff86ca10000 - 0x00007ff86ca37000 	C:\WINDOWS\System32\GDI32.dll
0x00007ff86aaf0000 - 0x00007ff86ac79000 	C:\WINDOWS\System32\gdi32full.dll
0x00007ff86ae50000 - 0x00007ff86aeea000 	C:\WINDOWS\System32\msvcp_win.dll
0x00007ff86aef0000 - 0x00007ff86afe6000 	C:\WINDOWS\System32\ucrtbase.dll
0x00007ff85c7f0000 - 0x00007ff85ca57000 	C:\WINDOWS\WinSxS\amd64_microsoft.windows.common-controls_6595b64144ccf1df_6.0.15063.0_none_108e4f62dfe5d999\COMCTL32.dll
0x00007ff86bf40000 - 0x00007ff86c239000 	C:\WINDOWS\System32\combase.dll
0x00007ff86aa80000 - 0x00007ff86aaea000 	C:\WINDOWS\System32\bcryptPrimitives.dll
0x00007ff86c5d0000 - 0x00007ff86c5fd000 	C:\WINDOWS\System32\IMM32.DLL
0x000000005f120000 - 0x000000005f1f2000 	C:\Program Files\Java\jdk1.8.0_92\jre\bin\msvcr100.dll
0x000000005d010000 - 0x000000005d8a6000 	C:\Program Files\Java\jdk1.8.0_92\jre\bin\server\jvm.dll
0x00007ff86cd70000 - 0x00007ff86cd78000 	C:\WINDOWS\System32\PSAPI.DLL
0x00007ff8612e0000 - 0x00007ff861303000 	C:\WINDOWS\SYSTEM32\WINMM.dll
0x00007ff85f1e0000 - 0x00007ff85f1ea000 	C:\WINDOWS\SYSTEM32\VERSION.dll
0x00007ff861100000 - 0x00007ff86112b000 	C:\WINDOWS\SYSTEM32\winmmbase.dll
0x00007ff86b050000 - 0x00007ff86b099000 	C:\WINDOWS\System32\cfgmgr32.dll
0x00007ff8646f0000 - 0x00007ff8646f9000 	C:\WINDOWS\SYSTEM32\WSOCK32.dll
0x00007ff86c600000 - 0x00007ff86c66c000 	C:\WINDOWS\System32\ws2_32.DLL
0x000000005f8c0000 - 0x000000005f8cf000 	C:\Program Files\Java\jdk1.8.0_92\jre\bin\verify.dll
0x000000005f890000 - 0x000000005f8b9000 	C:\Program Files\Java\jdk1.8.0_92\jre\bin\java.dll
0x000000005f870000 - 0x000000005f886000 	C:\Program Files\Java\jdk1.8.0_92\jre\bin\zip.dll
0x00007ff86cd80000 - 0x00007ff86e1b7000 	C:\WINDOWS\System32\SHELL32.dll
0x00007ff86c2a0000 - 0x00007ff86c34a000 	C:\WINDOWS\System32\shcore.dll
0x00007ff86b0a0000 - 0x00007ff86b792000 	C:\WINDOWS\System32\windows.storage.dll
0x00007ff86c240000 - 0x00007ff86c291000 	C:\WINDOWS\System32\shlwapi.dll
0x00007ff86a7f0000 - 0x00007ff86a801000 	C:\WINDOWS\System32\kernel.appcore.dll
0x00007ff86a7a0000 - 0x00007ff86a7ec000 	C:\WINDOWS\System32\powrprof.dll
0x00007ff86a760000 - 0x00007ff86a775000 	C:\WINDOWS\System32\profapi.dll
0x000000005ca70000 - 0x000000005cc08000 	C:\Program Files\Java\jdk1.8.0_92\jre\bin\awt.dll
0x00007ff86e1c0000 - 0x00007ff86e27f000 	C:\WINDOWS\System32\OLEAUT32.dll
0x00007ff868ee0000 - 0x00007ff868f5e000 	C:\WINDOWS\SYSTEM32\apphelp.dll
0x00007ff866bf0000 - 0x00007ff866c1a000 	C:\WINDOWS\system32\DWMAPI.DLL
0x00007ff868f80000 - 0x00007ff869015000 	C:\WINDOWS\system32\uxtheme.dll
0x00007ff86cba0000 - 0x00007ff86cd06000 	C:\WINDOWS\System32\MSCTF.dll
0x00007ff86c350000 - 0x00007ff86c495000 	C:\WINDOWS\System32\ole32.dll
0x000000005ea10000 - 0x000000005ea57000 	C:\Program Files\Java\jdk1.8.0_92\jre\bin\fontmanager.dll
0x000000005f850000 - 0x000000005f86a000 	C:\Program Files\Java\jdk1.8.0_92\jre\bin\net.dll
0x00007ff86a010000 - 0x00007ff86a06c000 	C:\WINDOWS\system32\mswsock.dll
0x000000005f830000 - 0x000000005f841000 	C:\Program Files\Java\jdk1.8.0_92\jre\bin\nio.dll
0x00007ff8611b0000 - 0x00007ff861232000 	C:\WINDOWS\System32\TextInputFramework.dll
0x00007ff859d20000 - 0x00007ff859ff2000 	C:\WINDOWS\System32\CoreUIComponents.dll
0x00007ff867bd0000 - 0x00007ff867cb3000 	C:\WINDOWS\System32\CoreMessaging.dll
0x00007ff867380000 - 0x00007ff867395000 	C:\WINDOWS\SYSTEM32\usermgrcli.dll
0x00007ff869a60000 - 0x00007ff869a91000 	C:\WINDOWS\SYSTEM32\ntmarta.dll
0x00007ff867460000 - 0x00007ff867599000 	C:\WINDOWS\SYSTEM32\wintypes.dll
0x00007ff86b8d0000 - 0x00007ff86b96e000 	C:\WINDOWS\System32\clbcatq.dll
0x00007ff867970000 - 0x00007ff867977000 	C:\WINDOWS\system32\MSIMG32.dll
0x00007ff8484f0000 - 0x00007ff848da4000 	C:\WINDOWS\system32\SogouPy.ime
0x00007ff862bf0000 - 0x00007ff862c5b000 	C:\WINDOWS\SYSTEM32\OLEACC.dll
0x000000001d6c0000 - 0x000000001d79d000 	d:\Program Files (x86)\SogouInput\8.4.0.1062\Resource.dll
0x00007ff8403c0000 - 0x00007ff8405f6000 	d:\Program Files (x86)\SogouInput\Components\PicFace\1.0.0.1675\PicFace64.dll
0x00007ff8639e0000 - 0x00007ff863b89000 	C:\WINDOWS\SYSTEM32\DbgHelp.dll
0x00007ff863880000 - 0x00007ff8638a9000 	C:\WINDOWS\SYSTEM32\dbgcore.DLL

VM Arguments:
jvm_args: -Dfile.encoding=GBK 
java_command: com.tadecather.client.Register
java_class_path (initial): D:\Code\Java\ChatRoom\bin;D:\Code\Java\mysql-connector-java-5.1.42\mysql-connector-java-5.1.42-bin.jar
Launcher Type: SUN_STANDARD

Environment Variables:
JAVA_HOME=C:\Program Files\Java\jdk1.8.0_92
CLASSPATH=C:\Program Files\Java\jdk1.8.0_92\lib;C:\Program Files\Java\jdk1.8.0_92\lib\tools.jar;
PATH=C:/Program Files/Java/jdk1.8.0_92/bin/../jre/bin/server;C:/Program Files/Java/jdk1.8.0_92/bin/../jre/bin;C:/Program Files/Java/jdk1.8.0_92/bin/../jre/lib/amd64;C:\Program Files\Java\jdk1.8.0_92\bin;D:\CodeTools\MySQL\mysql-5.7.18-winx64\bin;D:\CodeTools\GIT\Git\bin;C:\Python27\Scripts;C:\Python27;C:\ProgramData\Oracle\Java\javapath;C:\Windows\system32;C:\Windows;C:\Windows\System32\Wbem;C:\Windows\System32\WindowsPowerShell\v1.0\;C:\Program Files (x86)\NVIDIA Corporation\PhysX\Common;C:\WINDOWS\system32;C:\WINDOWS;C:\WINDOWS\System32\Wbem;C:\WINDOWS\System32\WindowsPowerShell\v1.0\;%USERPROFILE%\AppData\Local\Microsoft\WindowsApps;;D:\CodeTools\modelsim\win64;D:\Program Files\eclipse\eclipse-jee-mars-2-win32-x86_64\eclipse;
USERNAME=TAD
OS=Windows_NT
PROCESSOR_IDENTIFIER=Intel64 Family 6 Model 60 Stepping 3, GenuineIntel



---------------  S Y S T E M  ---------------

OS: Windows 10.0 , 64 bit Build 15063 (10.0.15063.296)

CPU:total 4 (2 cores per cpu, 2 threads per core) family 6 model 60 stepping 3, cmov, cx8, fxsr, mmx, sse, sse2, sse3, ssse3, sse4.1, sse4.2, popcnt, avx, avx2, aes, clmul, erms, lzcnt, ht, tsc, tscinvbit, bmi1, bmi2

Memory: 4k page, physical 8277272k(4238012k free), swap 11160856k(3273168k free)

vm_info: Java HotSpot(TM) 64-Bit Server VM (25.92-b14) for windows-amd64 JRE (1.8.0_92-b14), built on Mar 31 2016 21:03:04 by "java_re" with MS VC++ 10.0 (VS2010)

time: Sun May 14 22:28:58 2017
elapsed time: 2 seconds (0d 0h 0m 2s)

